  Building Custom Rule C:/Users/Mario/source/repos/PlatformingAI/SFML-2.4.2/src/SFML/System/CMakeLists.txt
  CMake does not need to re-run because C:/Users/Mario/source/repos/PlatformingAI/SFML-Build/src/SFML/System/CMakeFiles/generate.stamp is up-to-date.
  Clock.cpp
  Err.cpp
  Lock.cpp
  Mutex.cpp
  Sleep.cpp
  String.cpp
  Thread.cpp
  ThreadLocal.cpp
  Time.cpp
  FileInputStream.cpp
  MemoryInputStream.cpp
  ClockImpl.cpp
C:\Users\Mario\source\repos\PlatformingAI\SFML-2.4.2\src\SFML\System\Win32\ClockImpl.cpp(48): warning C4996: 'GetVersion': was declared deprecated
  C:\Program Files (x86)\Windows Kits\10\Include\10.0.15063.0\um\sysinfoapi.h(184): note: see declaration of 'GetVersion'
  MutexImpl.cpp
  SleepImpl.cpp
  ThreadImpl.cpp
  ThreadLocalImpl.cpp
  Generating Code...
     Creating library C:/Users/Mario/source/repos/PlatformingAI/SFML-Build/lib/Debug/sfml-system-d.lib and object C:/Users/Mario/source/repos/PlatformingAI/SFML-Build/lib/Debug/sfml-system-d.exp
  sfml-system.vcxproj -> C:\Users\Mario\source\repos\PlatformingAI\SFML-Build\lib\Debug\sfml-system-d-2.dll
  sfml-system.vcxproj -> C:/Users/Mario/source/repos/PlatformingAI/SFML-Build/lib/Debug/sfml-system.pdb (Full PDB)
