  Building Custom Rule C:/Users/Mario/source/repos/PlatformingAI/SFML-2.4.2/src/SFML/Audio/CMakeLists.txt
  CMake does not need to re-run because C:/Users/Mario/source/repos/PlatformingAI/SFML-Build/src/SFML/Audio/CMakeFiles/generate.stamp is up-to-date.
  ALCheck.cpp
  AlResource.cpp
  AudioDevice.cpp
  Listener.cpp
  Music.cpp
  Sound.cpp
  SoundBuffer.cpp
  SoundBufferRecorder.cpp
  InputSoundFile.cpp
  OutputSoundFile.cpp
  SoundRecorder.cpp
  SoundSource.cpp
  SoundStream.cpp
  SoundFileFactory.cpp
  SoundFileReaderFlac.cpp
C:\Users\Mario\source\repos\PlatformingAI\SFML-2.4.2\src\SFML\Audio\SoundFileReaderFlac.cpp(287): warning C4244: 'argument': conversion from 'sf::Uint64' to 'int', possible loss of data
  SoundFileReaderOgg.cpp
  SoundFileReaderWav.cpp
C:\Users\Mario\source\repos\PlatformingAI\SFML-2.4.2\src\SFML\Audio\SoundFileReaderWav.cpp(149): warning C4018: '<': signed/unsigned mismatch
  SoundFileWriterFlac.cpp
  SoundFileWriterOgg.cpp
  SoundFileWriterWav.cpp
  Generating Code...
     Creating library C:/Users/Mario/source/repos/PlatformingAI/SFML-Build/lib/Debug/sfml-audio-d.lib and object C:/Users/Mario/source/repos/PlatformingAI/SFML-Build/lib/Debug/sfml-audio-d.exp
  sfml-audio.vcxproj -> C:\Users\Mario\source\repos\PlatformingAI\SFML-Build\lib\Debug\sfml-audio-d-2.dll
  sfml-audio.vcxproj -> C:/Users/Mario/source/repos/PlatformingAI/SFML-Build/lib/Debug/sfml-audio.pdb (Full PDB)
